Determining if the pthread_create exist failed with the following output:
Change Dir: /home/ceies/t05/SDP/RobotController/build/PathPlanning/CMakeFiles/CMakeTmp

Run Build Command:"/usr/bin/make" "cmTC_ec513/fast"
/usr/bin/make -f CMakeFiles/cmTC_ec513.dir/build.make CMakeFiles/cmTC_ec513.dir/build
make[1]: Entering directory '/home/ceies/t05/SDP/RobotController/build/PathPlanning/CMakeFiles/CMakeTmp'
Building C object CMakeFiles/cmTC_ec513.dir/CheckSymbolExists.c.o
/usr/bin/cc    -o CMakeFiles/cmTC_ec513.dir/CheckSymbolExists.c.o   -c /home/ceies/t05/SDP/RobotController/build/PathPlanning/CMakeFiles/CMakeTmp/CheckSymbolExists.c
Linking C executable cmTC_ec513
/usr/bin/cmake -E cmake_link_script CMakeFiles/cmTC_ec513.dir/link.txt --verbose=1
/usr/bin/cc      -rdynamic CMakeFiles/cmTC_ec513.dir/CheckSymbolExists.c.o  -o cmTC_ec513 
CMakeFiles/cmTC_ec513.dir/CheckSymbolExists.c.o: In function `main':
CheckSymbolExists.c:(.text+0x14): undefined reference to `pthread_create'
CheckSymbolExists.c:(.text+0x18): undefined reference to `pthread_create'
collect2: error: ld returned 1 exit status
CMakeFiles/cmTC_ec513.dir/build.make:97: recipe for target 'cmTC_ec513' failed
make[1]: *** [cmTC_ec513] Error 1
make[1]: Leaving directory '/home/ceies/t05/SDP/RobotController/build/PathPlanning/CMakeFiles/CMakeTmp'
Makefile:126: recipe for target 'cmTC_ec513/fast' failed
make: *** [cmTC_ec513/fast] Error 2

File /home/ceies/t05/SDP/RobotController/build/PathPlanning/CMakeFiles/CMakeTmp/CheckSymbolExists.c:
/* */
#include <pthread.h>

int main(int argc, char** argv)
{
  (void)argv;
#ifndef pthread_create
  return ((int*)(&pthread_create))[argc];
#else
  (void)argc;
  return 0;
#endif
}

Determining if the function pthread_create exists in the pthreads failed with the following output:
Change Dir: /home/ceies/t05/SDP/RobotController/build/PathPlanning/CMakeFiles/CMakeTmp

Run Build Command:"/usr/bin/make" "cmTC_95bcc/fast"
/usr/bin/make -f CMakeFiles/cmTC_95bcc.dir/build.make CMakeFiles/cmTC_95bcc.dir/build
make[1]: Entering directory '/home/ceies/t05/SDP/RobotController/build/PathPlanning/CMakeFiles/CMakeTmp'
Building C object CMakeFiles/cmTC_95bcc.dir/CheckFunctionExists.c.o
/usr/bin/cc   -DCHECK_FUNCTION_EXISTS=pthread_create   -o CMakeFiles/cmTC_95bcc.dir/CheckFunctionExists.c.o   -c /usr/share/cmake-3.10/Modules/CheckFunctionExists.c
Linking C executable cmTC_95bcc
/usr/bin/cmake -E cmake_link_script CMakeFiles/cmTC_95bcc.dir/link.txt --verbose=1
/usr/bin/cc  -DCHECK_FUNCTION_EXISTS=pthread_create    -rdynamic CMakeFiles/cmTC_95bcc.dir/CheckFunctionExists.c.o  -o cmTC_95bcc -lpthreads 
/usr/bin/ld: cannot find -lpthreads
collect2: error: ld returned 1 exit status
CMakeFiles/cmTC_95bcc.dir/build.make:97: recipe for target 'cmTC_95bcc' failed
make[1]: *** [cmTC_95bcc] Error 1
make[1]: Leaving directory '/home/ceies/t05/SDP/RobotController/build/PathPlanning/CMakeFiles/CMakeTmp'
Makefile:126: recipe for target 'cmTC_95bcc/fast' failed
make: *** [cmTC_95bcc/fast] Error 2


