Determining if the pthread_create exist failed with the following output:
Change Dir: /home/ceies/t05/SDP/RobotController/build/catkin_tools_prebuild/CMakeFiles/CMakeTmp

Run Build Command:"/usr/bin/make" "cmTC_97caa/fast"
/usr/bin/make -f CMakeFiles/cmTC_97caa.dir/build.make CMakeFiles/cmTC_97caa.dir/build
make[1]: Entering directory '/home/ceies/t05/SDP/RobotController/build/catkin_tools_prebuild/CMakeFiles/CMakeTmp'
Building C object CMakeFiles/cmTC_97caa.dir/CheckSymbolExists.c.o
/usr/bin/cc    -o CMakeFiles/cmTC_97caa.dir/CheckSymbolExists.c.o   -c /home/ceies/t05/SDP/RobotController/build/catkin_tools_prebuild/CMakeFiles/CMakeTmp/CheckSymbolExists.c
Linking C executable cmTC_97caa
/usr/bin/cmake -E cmake_link_script CMakeFiles/cmTC_97caa.dir/link.txt --verbose=1
/usr/bin/cc      -rdynamic CMakeFiles/cmTC_97caa.dir/CheckSymbolExists.c.o  -o cmTC_97caa 
CMakeFiles/cmTC_97caa.dir/CheckSymbolExists.c.o: In function `main':
CheckSymbolExists.c:(.text+0x14): undefined reference to `pthread_create'
CheckSymbolExists.c:(.text+0x18): undefined reference to `pthread_create'
collect2: error: ld returned 1 exit status
CMakeFiles/cmTC_97caa.dir/build.make:97: recipe for target 'cmTC_97caa' failed
make[1]: *** [cmTC_97caa] Error 1
make[1]: Leaving directory '/home/ceies/t05/SDP/RobotController/build/catkin_tools_prebuild/CMakeFiles/CMakeTmp'
Makefile:126: recipe for target 'cmTC_97caa/fast' failed
make: *** [cmTC_97caa/fast] Error 2

File /home/ceies/t05/SDP/RobotController/build/catkin_tools_prebuild/CMakeFiles/CMakeTmp/CheckSymbolExists.c:
/* */
#include <pthread.h>

int main(int argc, char** argv)
{
  (void)argv;
#ifndef pthread_create
  return ((int*)(&pthread_create))[argc];
#else
  (void)argc;
  return 0;
#endif
}

Determining if the function pthread_create exists in the pthreads failed with the following output:
Change Dir: /home/ceies/t05/SDP/RobotController/build/catkin_tools_prebuild/CMakeFiles/CMakeTmp

Run Build Command:"/usr/bin/make" "cmTC_0b96e/fast"
/usr/bin/make -f CMakeFiles/cmTC_0b96e.dir/build.make CMakeFiles/cmTC_0b96e.dir/build
make[1]: Entering directory '/home/ceies/t05/SDP/RobotController/build/catkin_tools_prebuild/CMakeFiles/CMakeTmp'
Building C object CMakeFiles/cmTC_0b96e.dir/CheckFunctionExists.c.o
/usr/bin/cc   -DCHECK_FUNCTION_EXISTS=pthread_create   -o CMakeFiles/cmTC_0b96e.dir/CheckFunctionExists.c.o   -c /usr/share/cmake-3.10/Modules/CheckFunctionExists.c
Linking C executable cmTC_0b96e
/usr/bin/cmake -E cmake_link_script CMakeFiles/cmTC_0b96e.dir/link.txt --verbose=1
/usr/bin/cc  -DCHECK_FUNCTION_EXISTS=pthread_create    -rdynamic CMakeFiles/cmTC_0b96e.dir/CheckFunctionExists.c.o  -o cmTC_0b96e -lpthreads 
/usr/bin/ld: cannot find -lpthreads
collect2: error: ld returned 1 exit status
CMakeFiles/cmTC_0b96e.dir/build.make:97: recipe for target 'cmTC_0b96e' failed
make[1]: *** [cmTC_0b96e] Error 1
make[1]: Leaving directory '/home/ceies/t05/SDP/RobotController/build/catkin_tools_prebuild/CMakeFiles/CMakeTmp'
Makefile:126: recipe for target 'cmTC_0b96e/fast' failed
make: *** [cmTC_0b96e/fast] Error 2


