Determining if the pthread_create exist failed with the following output:
Change Dir: /home/ceies/t05/catkin_ws/src/build/CMakeFiles/CMakeTmp

Run Build Command:"/usr/bin/make" "cmTC_a2326/fast"
/usr/bin/make -f CMakeFiles/cmTC_a2326.dir/build.make CMakeFiles/cmTC_a2326.dir/build
make[1]: Entering directory '/home/ceies/t05/catkin_ws/src/build/CMakeFiles/CMakeTmp'
Building C object CMakeFiles/cmTC_a2326.dir/CheckSymbolExists.c.o
/usr/bin/aarch64-linux-gnu-gcc    -o CMakeFiles/cmTC_a2326.dir/CheckSymbolExists.c.o   -c /home/ceies/t05/catkin_ws/src/build/CMakeFiles/CMakeTmp/CheckSymbolExists.c
Linking C executable cmTC_a2326
/usr/bin/cmake -E cmake_link_script CMakeFiles/cmTC_a2326.dir/link.txt --verbose=1
/usr/bin/aarch64-linux-gnu-gcc      -rdynamic CMakeFiles/cmTC_a2326.dir/CheckSymbolExists.c.o  -o cmTC_a2326 
CMakeFiles/cmTC_a2326.dir/CheckSymbolExists.c.o: In function `main':
CheckSymbolExists.c:(.text+0x14): undefined reference to `pthread_create'
CheckSymbolExists.c:(.text+0x18): undefined reference to `pthread_create'
collect2: error: ld returned 1 exit status
CMakeFiles/cmTC_a2326.dir/build.make:97: recipe for target 'cmTC_a2326' failed
make[1]: *** [cmTC_a2326] Error 1
make[1]: Leaving directory '/home/ceies/t05/catkin_ws/src/build/CMakeFiles/CMakeTmp'
Makefile:126: recipe for target 'cmTC_a2326/fast' failed
make: *** [cmTC_a2326/fast] Error 2

File /home/ceies/t05/catkin_ws/src/build/CMakeFiles/CMakeTmp/CheckSymbolExists.c:
/* */
#include <pthread.h>

int main(int argc, char** argv)
{
  (void)argv;
#ifndef pthread_create
  return ((int*)(&pthread_create))[argc];
#else
  (void)argc;
  return 0;
#endif
}

Determining if the function pthread_create exists in the pthreads failed with the following output:
Change Dir: /home/ceies/t05/catkin_ws/src/build/CMakeFiles/CMakeTmp

Run Build Command:"/usr/bin/make" "cmTC_5a944/fast"
/usr/bin/make -f CMakeFiles/cmTC_5a944.dir/build.make CMakeFiles/cmTC_5a944.dir/build
make[1]: Entering directory '/home/ceies/t05/catkin_ws/src/build/CMakeFiles/CMakeTmp'
Building C object CMakeFiles/cmTC_5a944.dir/CheckFunctionExists.c.o
/usr/bin/aarch64-linux-gnu-gcc   -DCHECK_FUNCTION_EXISTS=pthread_create   -o CMakeFiles/cmTC_5a944.dir/CheckFunctionExists.c.o   -c /usr/share/cmake-3.10/Modules/CheckFunctionExists.c
Linking C executable cmTC_5a944
/usr/bin/cmake -E cmake_link_script CMakeFiles/cmTC_5a944.dir/link.txt --verbose=1
/usr/bin/aarch64-linux-gnu-gcc  -DCHECK_FUNCTION_EXISTS=pthread_create    -rdynamic CMakeFiles/cmTC_5a944.dir/CheckFunctionExists.c.o  -o cmTC_5a944 -lpthreads 
/usr/bin/ld: cannot find -lpthreads
collect2: error: ld returned 1 exit status
CMakeFiles/cmTC_5a944.dir/build.make:97: recipe for target 'cmTC_5a944' failed
make[1]: *** [cmTC_5a944] Error 1
make[1]: Leaving directory '/home/ceies/t05/catkin_ws/src/build/CMakeFiles/CMakeTmp'
Makefile:126: recipe for target 'cmTC_5a944/fast' failed
make: *** [cmTC_5a944/fast] Error 2


